checking for --enable-debug-build option... -------------------- no

--------------------

try_compiler_option: checking for -Wall option to compiler... -------------------- yes

DYLD_FALLBACK_LIBRARY_PATH=.:/Users/takigawaatsushi/.rvm/rubies/ruby-3.1.2/lib "gcc -o conftest -I/Users/takigawaatsushi/.rvm/rubies/ruby-3.1.2/include/ruby-3.1.0/x86_64-darwin20 -I/Users/takigawaatsushi/.rvm/rubies/ruby-3.1.2/include/ruby-3.1.0/ruby/backward -I/Users/takigawaatsushi/.rvm/rubies/ruby-3.1.2/include/ruby-3.1.0 -I. -D_XOPEN_SOURCE -D_DARWIN_C_SOURCE -D_DARWIN_UNLIMITED_SELECT -D_REENTRANT   -O3 -I/usr/local/opt/libyaml/include -I/usr/local/opt/libksba/include -I/usr/local/opt/readline/include -I/usr/local/opt/zlib/include -I/usr/local/opt/openssl@1.1/include -fdeclspec -O3 -fno-fast-math -ggdb3 -Wall -Wextra -Wdeprecated-declarations -Wdivision-by-zero -Wimplicit-function-declaration -Wimplicit-int -Wmisleading-indentation -Wpointer-arith -Wshorten-64-to-32 -Wwrite-strings -Wold-style-definition -Wmissing-noreturn -Wno-constant-logical-operand -Wno-long-long -Wno-missing-field-initializers -Wno-overlength-strings -Wno-parentheses-equality -Wno-self-assign -Wno-tautological-compare -Wno-unused-parameter -Wno-unused-value -Wunused-variable -Wextra-tokens -Wundef -fno-common -pipe conftest.c  -L. -L/Users/takigawaatsushi/.rvm/rubies/ruby-3.1.2/lib -L. -L/usr/local/opt/libyaml/lib -L/usr/local/opt/libksba/lib -L/usr/local/opt/readline/lib -L/usr/local/opt/zlib/lib -L/usr/local/opt/openssl@1.1/lib -fstack-protector-strong -L/usr/local/lib     -lruby.3.1   "
checked program was:
/* begin */
1: #include "ruby.h"
2: 
3: int main(int argc, char **argv)
4: {
5:   return !!argv[argc];
6: }
/* end */

DYLD_FALLBACK_LIBRARY_PATH=.:/Users/takigawaatsushi/.rvm/rubies/ruby-3.1.2/lib "gcc -I/Users/takigawaatsushi/.rvm/rubies/ruby-3.1.2/include/ruby-3.1.0/x86_64-darwin20 -I/Users/takigawaatsushi/.rvm/rubies/ruby-3.1.2/include/ruby-3.1.0/ruby/backward -I/Users/takigawaatsushi/.rvm/rubies/ruby-3.1.2/include/ruby-3.1.0 -I. -D_XOPEN_SOURCE -D_DARWIN_C_SOURCE -D_DARWIN_UNLIMITED_SELECT -D_REENTRANT   -O3 -I/usr/local/opt/libyaml/include -I/usr/local/opt/libksba/include -I/usr/local/opt/readline/include -I/usr/local/opt/zlib/include -I/usr/local/opt/openssl@1.1/include -fdeclspec -O3 -fno-fast-math -ggdb3 -Wall -Wextra -Wdeprecated-declarations -Wdivision-by-zero -Wimplicit-function-declaration -Wimplicit-int -Wmisleading-indentation -Wpointer-arith -Wshorten-64-to-32 -Wwrite-strings -Wold-style-definition -Wmissing-noreturn -Wno-constant-logical-operand -Wno-long-long -Wno-missing-field-initializers -Wno-overlength-strings -Wno-parentheses-equality -Wno-self-assign -Wno-tautological-compare -Wno-unused-parameter -Wno-unused-value -Wunused-variable -Wextra-tokens -Wundef -fno-common -pipe  -Wall -Werror -c conftest.c"
checked program was:
/* begin */
1: #include "ruby.h"
/* end */

--------------------

try_compiler_option: checking for -Wcast-align option to compiler... -------------------- yes

DYLD_FALLBACK_LIBRARY_PATH=.:/Users/takigawaatsushi/.rvm/rubies/ruby-3.1.2/lib "gcc -I/Users/takigawaatsushi/.rvm/rubies/ruby-3.1.2/include/ruby-3.1.0/x86_64-darwin20 -I/Users/takigawaatsushi/.rvm/rubies/ruby-3.1.2/include/ruby-3.1.0/ruby/backward -I/Users/takigawaatsushi/.rvm/rubies/ruby-3.1.2/include/ruby-3.1.0 -I. -D_XOPEN_SOURCE -D_DARWIN_C_SOURCE -D_DARWIN_UNLIMITED_SELECT -D_REENTRANT   -O3 -I/usr/local/opt/libyaml/include -I/usr/local/opt/libksba/include -I/usr/local/opt/readline/include -I/usr/local/opt/zlib/include -I/usr/local/opt/openssl@1.1/include -fdeclspec -O3 -fno-fast-math -ggdb3 -Wall -Wextra -Wdeprecated-declarations -Wdivision-by-zero -Wimplicit-function-declaration -Wimplicit-int -Wmisleading-indentation -Wpointer-arith -Wshorten-64-to-32 -Wwrite-strings -Wold-style-definition -Wmissing-noreturn -Wno-constant-logical-operand -Wno-long-long -Wno-missing-field-initializers -Wno-overlength-strings -Wno-parentheses-equality -Wno-self-assign -Wno-tautological-compare -Wno-unused-parameter -Wno-unused-value -Wunused-variable -Wextra-tokens -Wundef -fno-common -pipe -Wall  -Wcast-align -Werror -c conftest.c"
checked program was:
/* begin */
1: #include "ruby.h"
/* end */

--------------------

try_compiler_option: checking for -Wextra option to compiler... -------------------- no

DYLD_FALLBACK_LIBRARY_PATH=.:/Users/takigawaatsushi/.rvm/rubies/ruby-3.1.2/lib "gcc -I/Users/takigawaatsushi/.rvm/rubies/ruby-3.1.2/include/ruby-3.1.0/x86_64-darwin20 -I/Users/takigawaatsushi/.rvm/rubies/ruby-3.1.2/include/ruby-3.1.0/ruby/backward -I/Users/takigawaatsushi/.rvm/rubies/ruby-3.1.2/include/ruby-3.1.0 -I. -D_XOPEN_SOURCE -D_DARWIN_C_SOURCE -D_DARWIN_UNLIMITED_SELECT -D_REENTRANT   -O3 -I/usr/local/opt/libyaml/include -I/usr/local/opt/libksba/include -I/usr/local/opt/readline/include -I/usr/local/opt/zlib/include -I/usr/local/opt/openssl@1.1/include -fdeclspec -O3 -fno-fast-math -ggdb3 -Wall -Wextra -Wdeprecated-declarations -Wdivision-by-zero -Wimplicit-function-declaration -Wimplicit-int -Wmisleading-indentation -Wpointer-arith -Wshorten-64-to-32 -Wwrite-strings -Wold-style-definition -Wmissing-noreturn -Wno-constant-logical-operand -Wno-long-long -Wno-missing-field-initializers -Wno-overlength-strings -Wno-parentheses-equality -Wno-self-assign -Wno-tautological-compare -Wno-unused-parameter -Wno-unused-value -Wunused-variable -Wextra-tokens -Wundef -fno-common -pipe -Wall -Wcast-align  -Wextra -Werror -c conftest.c"
In file included from conftest.c:1:
In file included from /Users/takigawaatsushi/.rvm/rubies/ruby-3.1.2/include/ruby-3.1.0/ruby.h:38:
In file included from /Users/takigawaatsushi/.rvm/rubies/ruby-3.1.2/include/ruby-3.1.0/ruby/ruby.h:27:
In file included from /Users/takigawaatsushi/.rvm/rubies/ruby-3.1.2/include/ruby-3.1.0/ruby/internal/arithmetic.h:23:
In file included from /Users/takigawaatsushi/.rvm/rubies/ruby-3.1.2/include/ruby-3.1.0/ruby/internal/arithmetic/char.h:29:
In file included from /Users/takigawaatsushi/.rvm/rubies/ruby-3.1.2/include/ruby-3.1.0/ruby/internal/core/rstring.h:30:
/Users/takigawaatsushi/.rvm/rubies/ruby-3.1.2/include/ruby-3.1.0/ruby/internal/fl_type.h:794:24: error: unused parameter 'obj' [-Werror,-Wunused-parameter]
RB_OBJ_TAINTABLE(VALUE obj)
                       ^
/Users/takigawaatsushi/.rvm/rubies/ruby-3.1.2/include/ruby-3.1.0/ruby/internal/fl_type.h:811:26: error: unused parameter 'obj' [-Werror,-Wunused-parameter]
RB_OBJ_TAINTED_RAW(VALUE obj)
                         ^
/Users/takigawaatsushi/.rvm/rubies/ruby-3.1.2/include/ruby-3.1.0/ruby/internal/fl_type.h:828:22: error: unused parameter 'obj' [-Werror,-Wunused-parameter]
RB_OBJ_TAINTED(VALUE obj)
                     ^
/Users/takigawaatsushi/.rvm/rubies/ruby-3.1.2/include/ruby-3.1.0/ruby/internal/fl_type.h:843:24: error: unused parameter 'obj' [-Werror,-Wunused-parameter]
RB_OBJ_TAINT_RAW(VALUE obj)
                       ^
/Users/takigawaatsushi/.rvm/rubies/ruby-3.1.2/include/ruby-3.1.0/ruby/internal/fl_type.h:858:20: error: unused parameter 'obj' [-Werror,-Wunused-parameter]
RB_OBJ_TAINT(VALUE obj)
                   ^
/Users/takigawaatsushi/.rvm/rubies/ruby-3.1.2/include/ruby-3.1.0/ruby/internal/fl_type.h:874:25: error: unused parameter 'dst' [-Werror,-Wunused-parameter]
RB_OBJ_INFECT_RAW(VALUE dst, VALUE src)
                        ^
/Users/takigawaatsushi/.rvm/rubies/ruby-3.1.2/include/ruby-3.1.0/ruby/internal/fl_type.h:874:36: error: unused parameter 'src' [-Werror,-Wunused-parameter]
RB_OBJ_INFECT_RAW(VALUE dst, VALUE src)
                                   ^
/Users/takigawaatsushi/.rvm/rubies/ruby-3.1.2/include/ruby-3.1.0/ruby/internal/fl_type.h:890:21: error: unused parameter 'dst' [-Werror,-Wunused-parameter]
RB_OBJ_INFECT(VALUE dst, VALUE src)
                    ^
/Users/takigawaatsushi/.rvm/rubies/ruby-3.1.2/include/ruby-3.1.0/ruby/internal/fl_type.h:890:32: error: unused parameter 'src' [-Werror,-Wunused-parameter]
RB_OBJ_INFECT(VALUE dst, VALUE src)
                               ^
In file included from conftest.c:1:
In file included from /Users/takigawaatsushi/.rvm/rubies/ruby-3.1.2/include/ruby-3.1.0/ruby.h:38:
In file included from /Users/takigawaatsushi/.rvm/rubies/ruby-3.1.2/include/ruby-3.1.0/ruby/ruby.h:44:
/Users/takigawaatsushi/.rvm/rubies/ruby-3.1.2/include/ruby-3.1.0/ruby/internal/newobj.h:173:22: error: unused parameter 'clone' [-Werror,-Wunused-parameter]
rb_clone_setup(VALUE clone, VALUE obj)
                     ^
/Users/takigawaatsushi/.rvm/rubies/ruby-3.1.2/include/ruby-3.1.0/ruby/internal/newobj.h:173:35: error: unused parameter 'obj' [-Werror,-Wunused-parameter]
rb_clone_setup(VALUE clone, VALUE obj)
                                  ^
/Users/takigawaatsushi/.rvm/rubies/ruby-3.1.2/include/ruby-3.1.0/ruby/internal/newobj.h:190:20: error: unused parameter 'dup' [-Werror,-Wunused-parameter]
rb_dup_setup(VALUE dup, VALUE obj)
                   ^
/Users/takigawaatsushi/.rvm/rubies/ruby-3.1.2/include/ruby-3.1.0/ruby/internal/newobj.h:190:31: error: unused parameter 'obj' [-Werror,-Wunused-parameter]
rb_dup_setup(VALUE dup, VALUE obj)
                              ^
13 errors generated.
checked program was:
/* begin */
1: #include "ruby.h"
/* end */

--------------------

try_compiler_option: checking for -Wformat=2 option to compiler... -------------------- yes

DYLD_FALLBACK_LIBRARY_PATH=.:/Users/takigawaatsushi/.rvm/rubies/ruby-3.1.2/lib "gcc -I/Users/takigawaatsushi/.rvm/rubies/ruby-3.1.2/include/ruby-3.1.0/x86_64-darwin20 -I/Users/takigawaatsushi/.rvm/rubies/ruby-3.1.2/include/ruby-3.1.0/ruby/backward -I/Users/takigawaatsushi/.rvm/rubies/ruby-3.1.2/include/ruby-3.1.0 -I. -D_XOPEN_SOURCE -D_DARWIN_C_SOURCE -D_DARWIN_UNLIMITED_SELECT -D_REENTRANT   -O3 -I/usr/local/opt/libyaml/include -I/usr/local/opt/libksba/include -I/usr/local/opt/readline/include -I/usr/local/opt/zlib/include -I/usr/local/opt/openssl@1.1/include -fdeclspec -O3 -fno-fast-math -ggdb3 -Wall -Wextra -Wdeprecated-declarations -Wdivision-by-zero -Wimplicit-function-declaration -Wimplicit-int -Wmisleading-indentation -Wpointer-arith -Wshorten-64-to-32 -Wwrite-strings -Wold-style-definition -Wmissing-noreturn -Wno-constant-logical-operand -Wno-long-long -Wno-missing-field-initializers -Wno-overlength-strings -Wno-parentheses-equality -Wno-self-assign -Wno-tautological-compare -Wno-unused-parameter -Wno-unused-value -Wunused-variable -Wextra-tokens -Wundef -fno-common -pipe -Wall -Wcast-align  -Wformat=2 -Werror -c conftest.c"
checked program was:
/* begin */
1: #include "ruby.h"
/* end */

--------------------

try_compiler_option: checking for -Winit-self option to compiler... -------------------- yes

DYLD_FALLBACK_LIBRARY_PATH=.:/Users/takigawaatsushi/.rvm/rubies/ruby-3.1.2/lib "gcc -I/Users/takigawaatsushi/.rvm/rubies/ruby-3.1.2/include/ruby-3.1.0/x86_64-darwin20 -I/Users/takigawaatsushi/.rvm/rubies/ruby-3.1.2/include/ruby-3.1.0/ruby/backward -I/Users/takigawaatsushi/.rvm/rubies/ruby-3.1.2/include/ruby-3.1.0 -I. -D_XOPEN_SOURCE -D_DARWIN_C_SOURCE -D_DARWIN_UNLIMITED_SELECT -D_REENTRANT   -O3 -I/usr/local/opt/libyaml/include -I/usr/local/opt/libksba/include -I/usr/local/opt/readline/include -I/usr/local/opt/zlib/include -I/usr/local/opt/openssl@1.1/include -fdeclspec -O3 -fno-fast-math -ggdb3 -Wall -Wextra -Wdeprecated-declarations -Wdivision-by-zero -Wimplicit-function-declaration -Wimplicit-int -Wmisleading-indentation -Wpointer-arith -Wshorten-64-to-32 -Wwrite-strings -Wold-style-definition -Wmissing-noreturn -Wno-constant-logical-operand -Wno-long-long -Wno-missing-field-initializers -Wno-overlength-strings -Wno-parentheses-equality -Wno-self-assign -Wno-tautological-compare -Wno-unused-parameter -Wno-unused-value -Wunused-variable -Wextra-tokens -Wundef -fno-common -pipe -Wall -Wcast-align -Wformat=2  -Winit-self -Werror -c conftest.c"
checked program was:
/* begin */
1: #include "ruby.h"
/* end */

--------------------

try_compiler_option: checking for -Wlarger-than-65500 option to compiler... -------------------- yes

DYLD_FALLBACK_LIBRARY_PATH=.:/Users/takigawaatsushi/.rvm/rubies/ruby-3.1.2/lib "gcc -I/Users/takigawaatsushi/.rvm/rubies/ruby-3.1.2/include/ruby-3.1.0/x86_64-darwin20 -I/Users/takigawaatsushi/.rvm/rubies/ruby-3.1.2/include/ruby-3.1.0/ruby/backward -I/Users/takigawaatsushi/.rvm/rubies/ruby-3.1.2/include/ruby-3.1.0 -I. -D_XOPEN_SOURCE -D_DARWIN_C_SOURCE -D_DARWIN_UNLIMITED_SELECT -D_REENTRANT   -O3 -I/usr/local/opt/libyaml/include -I/usr/local/opt/libksba/include -I/usr/local/opt/readline/include -I/usr/local/opt/zlib/include -I/usr/local/opt/openssl@1.1/include -fdeclspec -O3 -fno-fast-math -ggdb3 -Wall -Wextra -Wdeprecated-declarations -Wdivision-by-zero -Wimplicit-function-declaration -Wimplicit-int -Wmisleading-indentation -Wpointer-arith -Wshorten-64-to-32 -Wwrite-strings -Wold-style-definition -Wmissing-noreturn -Wno-constant-logical-operand -Wno-long-long -Wno-missing-field-initializers -Wno-overlength-strings -Wno-parentheses-equality -Wno-self-assign -Wno-tautological-compare -Wno-unused-parameter -Wno-unused-value -Wunused-variable -Wextra-tokens -Wundef -fno-common -pipe -Wall -Wcast-align -Wformat=2 -Winit-self  -Wlarger-than-65500 -Werror -c conftest.c"
checked program was:
/* begin */
1: #include "ruby.h"
/* end */

--------------------

try_compiler_option: checking for -Wmissing-declarations option to compiler... -------------------- yes

DYLD_FALLBACK_LIBRARY_PATH=.:/Users/takigawaatsushi/.rvm/rubies/ruby-3.1.2/lib "gcc -I/Users/takigawaatsushi/.rvm/rubies/ruby-3.1.2/include/ruby-3.1.0/x86_64-darwin20 -I/Users/takigawaatsushi/.rvm/rubies/ruby-3.1.2/include/ruby-3.1.0/ruby/backward -I/Users/takigawaatsushi/.rvm/rubies/ruby-3.1.2/include/ruby-3.1.0 -I. -D_XOPEN_SOURCE -D_DARWIN_C_SOURCE -D_DARWIN_UNLIMITED_SELECT -D_REENTRANT   -O3 -I/usr/local/opt/libyaml/include -I/usr/local/opt/libksba/include -I/usr/local/opt/readline/include -I/usr/local/opt/zlib/include -I/usr/local/opt/openssl@1.1/include -fdeclspec -O3 -fno-fast-math -ggdb3 -Wall -Wextra -Wdeprecated-declarations -Wdivision-by-zero -Wimplicit-function-declaration -Wimplicit-int -Wmisleading-indentation -Wpointer-arith -Wshorten-64-to-32 -Wwrite-strings -Wold-style-definition -Wmissing-noreturn -Wno-constant-logical-operand -Wno-long-long -Wno-missing-field-initializers -Wno-overlength-strings -Wno-parentheses-equality -Wno-self-assign -Wno-tautological-compare -Wno-unused-parameter -Wno-unused-value -Wunused-variable -Wextra-tokens -Wundef -fno-common -pipe -Wall -Wcast-align -Wformat=2 -Winit-self -Wlarger-than-65500  -Wmissing-declarations -Werror -c conftest.c"
checked program was:
/* begin */
1: #include "ruby.h"
/* end */

--------------------

try_compiler_option: checking for -Wmissing-format-attribute option to compiler... -------------------- yes

DYLD_FALLBACK_LIBRARY_PATH=.:/Users/takigawaatsushi/.rvm/rubies/ruby-3.1.2/lib "gcc -I/Users/takigawaatsushi/.rvm/rubies/ruby-3.1.2/include/ruby-3.1.0/x86_64-darwin20 -I/Users/takigawaatsushi/.rvm/rubies/ruby-3.1.2/include/ruby-3.1.0/ruby/backward -I/Users/takigawaatsushi/.rvm/rubies/ruby-3.1.2/include/ruby-3.1.0 -I. -D_XOPEN_SOURCE -D_DARWIN_C_SOURCE -D_DARWIN_UNLIMITED_SELECT -D_REENTRANT   -O3 -I/usr/local/opt/libyaml/include -I/usr/local/opt/libksba/include -I/usr/local/opt/readline/include -I/usr/local/opt/zlib/include -I/usr/local/opt/openssl@1.1/include -fdeclspec -O3 -fno-fast-math -ggdb3 -Wall -Wextra -Wdeprecated-declarations -Wdivision-by-zero -Wimplicit-function-declaration -Wimplicit-int -Wmisleading-indentation -Wpointer-arith -Wshorten-64-to-32 -Wwrite-strings -Wold-style-definition -Wmissing-noreturn -Wno-constant-logical-operand -Wno-long-long -Wno-missing-field-initializers -Wno-overlength-strings -Wno-parentheses-equality -Wno-self-assign -Wno-tautological-compare -Wno-unused-parameter -Wno-unused-value -Wunused-variable -Wextra-tokens -Wundef -fno-common -pipe -Wall -Wcast-align -Wformat=2 -Winit-self -Wlarger-than-65500 -Wmissing-declarations  -Wmissing-format-attribute -Werror -c conftest.c"
checked program was:
/* begin */
1: #include "ruby.h"
/* end */

--------------------

try_compiler_option: checking for -Wmissing-include-dirs option to compiler... -------------------- yes

DYLD_FALLBACK_LIBRARY_PATH=.:/Users/takigawaatsushi/.rvm/rubies/ruby-3.1.2/lib "gcc -I/Users/takigawaatsushi/.rvm/rubies/ruby-3.1.2/include/ruby-3.1.0/x86_64-darwin20 -I/Users/takigawaatsushi/.rvm/rubies/ruby-3.1.2/include/ruby-3.1.0/ruby/backward -I/Users/takigawaatsushi/.rvm/rubies/ruby-3.1.2/include/ruby-3.1.0 -I. -D_XOPEN_SOURCE -D_DARWIN_C_SOURCE -D_DARWIN_UNLIMITED_SELECT -D_REENTRANT   -O3 -I/usr/local/opt/libyaml/include -I/usr/local/opt/libksba/include -I/usr/local/opt/readline/include -I/usr/local/opt/zlib/include -I/usr/local/opt/openssl@1.1/include -fdeclspec -O3 -fno-fast-math -ggdb3 -Wall -Wextra -Wdeprecated-declarations -Wdivision-by-zero -Wimplicit-function-declaration -Wimplicit-int -Wmisleading-indentation -Wpointer-arith -Wshorten-64-to-32 -Wwrite-strings -Wold-style-definition -Wmissing-noreturn -Wno-constant-logical-operand -Wno-long-long -Wno-missing-field-initializers -Wno-overlength-strings -Wno-parentheses-equality -Wno-self-assign -Wno-tautological-compare -Wno-unused-parameter -Wno-unused-value -Wunused-variable -Wextra-tokens -Wundef -fno-common -pipe -Wall -Wcast-align -Wformat=2 -Winit-self -Wlarger-than-65500 -Wmissing-declarations -Wmissing-format-attribute  -Wmissing-include-dirs -Werror -c conftest.c"
checked program was:
/* begin */
1: #include "ruby.h"
/* end */

--------------------

try_compiler_option: checking for -Wmissing-noreturn option to compiler... -------------------- yes

DYLD_FALLBACK_LIBRARY_PATH=.:/Users/takigawaatsushi/.rvm/rubies/ruby-3.1.2/lib "gcc -I/Users/takigawaatsushi/.rvm/rubies/ruby-3.1.2/include/ruby-3.1.0/x86_64-darwin20 -I/Users/takigawaatsushi/.rvm/rubies/ruby-3.1.2/include/ruby-3.1.0/ruby/backward -I/Users/takigawaatsushi/.rvm/rubies/ruby-3.1.2/include/ruby-3.1.0 -I. -D_XOPEN_SOURCE -D_DARWIN_C_SOURCE -D_DARWIN_UNLIMITED_SELECT -D_REENTRANT   -O3 -I/usr/local/opt/libyaml/include -I/usr/local/opt/libksba/include -I/usr/local/opt/readline/include -I/usr/local/opt/zlib/include -I/usr/local/opt/openssl@1.1/include -fdeclspec -O3 -fno-fast-math -ggdb3 -Wall -Wextra -Wdeprecated-declarations -Wdivision-by-zero -Wimplicit-function-declaration -Wimplicit-int -Wmisleading-indentation -Wpointer-arith -Wshorten-64-to-32 -Wwrite-strings -Wold-style-definition -Wmissing-noreturn -Wno-constant-logical-operand -Wno-long-long -Wno-missing-field-initializers -Wno-overlength-strings -Wno-parentheses-equality -Wno-self-assign -Wno-tautological-compare -Wno-unused-parameter -Wno-unused-value -Wunused-variable -Wextra-tokens -Wundef -fno-common -pipe -Wall -Wcast-align -Wformat=2 -Winit-self -Wlarger-than-65500 -Wmissing-declarations -Wmissing-format-attribute -Wmissing-include-dirs  -Wmissing-noreturn -Werror -c conftest.c"
checked program was:
/* begin */
1: #include "ruby.h"
/* end */

--------------------

try_compiler_option: checking for -Wmissing-prototypes option to compiler... -------------------- yes

DYLD_FALLBACK_LIBRARY_PATH=.:/Users/takigawaatsushi/.rvm/rubies/ruby-3.1.2/lib "gcc -I/Users/takigawaatsushi/.rvm/rubies/ruby-3.1.2/include/ruby-3.1.0/x86_64-darwin20 -I/Users/takigawaatsushi/.rvm/rubies/ruby-3.1.2/include/ruby-3.1.0/ruby/backward -I/Users/takigawaatsushi/.rvm/rubies/ruby-3.1.2/include/ruby-3.1.0 -I. -D_XOPEN_SOURCE -D_DARWIN_C_SOURCE -D_DARWIN_UNLIMITED_SELECT -D_REENTRANT   -O3 -I/usr/local/opt/libyaml/include -I/usr/local/opt/libksba/include -I/usr/local/opt/readline/include -I/usr/local/opt/zlib/include -I/usr/local/opt/openssl@1.1/include -fdeclspec -O3 -fno-fast-math -ggdb3 -Wall -Wextra -Wdeprecated-declarations -Wdivision-by-zero -Wimplicit-function-declaration -Wimplicit-int -Wmisleading-indentation -Wpointer-arith -Wshorten-64-to-32 -Wwrite-strings -Wold-style-definition -Wmissing-noreturn -Wno-constant-logical-operand -Wno-long-long -Wno-missing-field-initializers -Wno-overlength-strings -Wno-parentheses-equality -Wno-self-assign -Wno-tautological-compare -Wno-unused-parameter -Wno-unused-value -Wunused-variable -Wextra-tokens -Wundef -fno-common -pipe -Wall -Wcast-align -Wformat=2 -Winit-self -Wlarger-than-65500 -Wmissing-declarations -Wmissing-format-attribute -Wmissing-include-dirs -Wmissing-noreturn  -Wmissing-prototypes -Werror -c conftest.c"
checked program was:
/* begin */
1: #include "ruby.h"
/* end */

--------------------

try_compiler_option: checking for -Wnested-externs option to compiler... -------------------- yes

DYLD_FALLBACK_LIBRARY_PATH=.:/Users/takigawaatsushi/.rvm/rubies/ruby-3.1.2/lib "gcc -I/Users/takigawaatsushi/.rvm/rubies/ruby-3.1.2/include/ruby-3.1.0/x86_64-darwin20 -I/Users/takigawaatsushi/.rvm/rubies/ruby-3.1.2/include/ruby-3.1.0/ruby/backward -I/Users/takigawaatsushi/.rvm/rubies/ruby-3.1.2/include/ruby-3.1.0 -I. -D_XOPEN_SOURCE -D_DARWIN_C_SOURCE -D_DARWIN_UNLIMITED_SELECT -D_REENTRANT   -O3 -I/usr/local/opt/libyaml/include -I/usr/local/opt/libksba/include -I/usr/local/opt/readline/include -I/usr/local/opt/zlib/include -I/usr/local/opt/openssl@1.1/include -fdeclspec -O3 -fno-fast-math -ggdb3 -Wall -Wextra -Wdeprecated-declarations -Wdivision-by-zero -Wimplicit-function-declaration -Wimplicit-int -Wmisleading-indentation -Wpointer-arith -Wshorten-64-to-32 -Wwrite-strings -Wold-style-definition -Wmissing-noreturn -Wno-constant-logical-operand -Wno-long-long -Wno-missing-field-initializers -Wno-overlength-strings -Wno-parentheses-equality -Wno-self-assign -Wno-tautological-compare -Wno-unused-parameter -Wno-unused-value -Wunused-variable -Wextra-tokens -Wundef -fno-common -pipe -Wall -Wcast-align -Wformat=2 -Winit-self -Wlarger-than-65500 -Wmissing-declarations -Wmissing-format-attribute -Wmissing-include-dirs -Wmissing-noreturn -Wmissing-prototypes  -Wnested-externs -Werror -c conftest.c"
checked program was:
/* begin */
1: #include "ruby.h"
/* end */

--------------------

try_compiler_option: checking for -Wold-style-definition option to compiler... -------------------- yes

DYLD_FALLBACK_LIBRARY_PATH=.:/Users/takigawaatsushi/.rvm/rubies/ruby-3.1.2/lib "gcc -I/Users/takigawaatsushi/.rvm/rubies/ruby-3.1.2/include/ruby-3.1.0/x86_64-darwin20 -I/Users/takigawaatsushi/.rvm/rubies/ruby-3.1.2/include/ruby-3.1.0/ruby/backward -I/Users/takigawaatsushi/.rvm/rubies/ruby-3.1.2/include/ruby-3.1.0 -I. -D_XOPEN_SOURCE -D_DARWIN_C_SOURCE -D_DARWIN_UNLIMITED_SELECT -D_REENTRANT   -O3 -I/usr/local/opt/libyaml/include -I/usr/local/opt/libksba/include -I/usr/local/opt/readline/include -I/usr/local/opt/zlib/include -I/usr/local/opt/openssl@1.1/include -fdeclspec -O3 -fno-fast-math -ggdb3 -Wall -Wextra -Wdeprecated-declarations -Wdivision-by-zero -Wimplicit-function-declaration -Wimplicit-int -Wmisleading-indentation -Wpointer-arith -Wshorten-64-to-32 -Wwrite-strings -Wold-style-definition -Wmissing-noreturn -Wno-constant-logical-operand -Wno-long-long -Wno-missing-field-initializers -Wno-overlength-strings -Wno-parentheses-equality -Wno-self-assign -Wno-tautological-compare -Wno-unused-parameter -Wno-unused-value -Wunused-variable -Wextra-tokens -Wundef -fno-common -pipe -Wall -Wcast-align -Wformat=2 -Winit-self -Wlarger-than-65500 -Wmissing-declarations -Wmissing-format-attribute -Wmissing-include-dirs -Wmissing-noreturn -Wmissing-prototypes -Wnested-externs  -Wold-style-definition -Werror -c conftest.c"
checked program was:
/* begin */
1: #include "ruby.h"
/* end */

--------------------

try_compiler_option: checking for -Wpacked option to compiler... -------------------- yes

DYLD_FALLBACK_LIBRARY_PATH=.:/Users/takigawaatsushi/.rvm/rubies/ruby-3.1.2/lib "gcc -I/Users/takigawaatsushi/.rvm/rubies/ruby-3.1.2/include/ruby-3.1.0/x86_64-darwin20 -I/Users/takigawaatsushi/.rvm/rubies/ruby-3.1.2/include/ruby-3.1.0/ruby/backward -I/Users/takigawaatsushi/.rvm/rubies/ruby-3.1.2/include/ruby-3.1.0 -I. -D_XOPEN_SOURCE -D_DARWIN_C_SOURCE -D_DARWIN_UNLIMITED_SELECT -D_REENTRANT   -O3 -I/usr/local/opt/libyaml/include -I/usr/local/opt/libksba/include -I/usr/local/opt/readline/include -I/usr/local/opt/zlib/include -I/usr/local/opt/openssl@1.1/include -fdeclspec -O3 -fno-fast-math -ggdb3 -Wall -Wextra -Wdeprecated-declarations -Wdivision-by-zero -Wimplicit-function-declaration -Wimplicit-int -Wmisleading-indentation -Wpointer-arith -Wshorten-64-to-32 -Wwrite-strings -Wold-style-definition -Wmissing-noreturn -Wno-constant-logical-operand -Wno-long-long -Wno-missing-field-initializers -Wno-overlength-strings -Wno-parentheses-equality -Wno-self-assign -Wno-tautological-compare -Wno-unused-parameter -Wno-unused-value -Wunused-variable -Wextra-tokens -Wundef -fno-common -pipe -Wall -Wcast-align -Wformat=2 -Winit-self -Wlarger-than-65500 -Wmissing-declarations -Wmissing-format-attribute -Wmissing-include-dirs -Wmissing-noreturn -Wmissing-prototypes -Wnested-externs -Wold-style-definition  -Wpacked -Werror -c conftest.c"
checked program was:
/* begin */
1: #include "ruby.h"
/* end */

--------------------

try_compiler_option: checking for -Wp,-D_FORTIFY_SOURCE=2 option to compiler... -------------------- yes

DYLD_FALLBACK_LIBRARY_PATH=.:/Users/takigawaatsushi/.rvm/rubies/ruby-3.1.2/lib "gcc -I/Users/takigawaatsushi/.rvm/rubies/ruby-3.1.2/include/ruby-3.1.0/x86_64-darwin20 -I/Users/takigawaatsushi/.rvm/rubies/ruby-3.1.2/include/ruby-3.1.0/ruby/backward -I/Users/takigawaatsushi/.rvm/rubies/ruby-3.1.2/include/ruby-3.1.0 -I. -D_XOPEN_SOURCE -D_DARWIN_C_SOURCE -D_DARWIN_UNLIMITED_SELECT -D_REENTRANT   -O3 -I/usr/local/opt/libyaml/include -I/usr/local/opt/libksba/include -I/usr/local/opt/readline/include -I/usr/local/opt/zlib/include -I/usr/local/opt/openssl@1.1/include -fdeclspec -O3 -fno-fast-math -ggdb3 -Wall -Wextra -Wdeprecated-declarations -Wdivision-by-zero -Wimplicit-function-declaration -Wimplicit-int -Wmisleading-indentation -Wpointer-arith -Wshorten-64-to-32 -Wwrite-strings -Wold-style-definition -Wmissing-noreturn -Wno-constant-logical-operand -Wno-long-long -Wno-missing-field-initializers -Wno-overlength-strings -Wno-parentheses-equality -Wno-self-assign -Wno-tautological-compare -Wno-unused-parameter -Wno-unused-value -Wunused-variable -Wextra-tokens -Wundef -fno-common -pipe -Wall -Wcast-align -Wformat=2 -Winit-self -Wlarger-than-65500 -Wmissing-declarations -Wmissing-format-attribute -Wmissing-include-dirs -Wmissing-noreturn -Wmissing-prototypes -Wnested-externs -Wold-style-definition -Wpacked  -Wp,-D_FORTIFY_SOURCE=2 -Werror -c conftest.c"
checked program was:
/* begin */
1: #include "ruby.h"
/* end */

--------------------

try_compiler_option: checking for -Wpointer-arith option to compiler... -------------------- yes

DYLD_FALLBACK_LIBRARY_PATH=.:/Users/takigawaatsushi/.rvm/rubies/ruby-3.1.2/lib "gcc -I/Users/takigawaatsushi/.rvm/rubies/ruby-3.1.2/include/ruby-3.1.0/x86_64-darwin20 -I/Users/takigawaatsushi/.rvm/rubies/ruby-3.1.2/include/ruby-3.1.0/ruby/backward -I/Users/takigawaatsushi/.rvm/rubies/ruby-3.1.2/include/ruby-3.1.0 -I. -D_XOPEN_SOURCE -D_DARWIN_C_SOURCE -D_DARWIN_UNLIMITED_SELECT -D_REENTRANT   -O3 -I/usr/local/opt/libyaml/include -I/usr/local/opt/libksba/include -I/usr/local/opt/readline/include -I/usr/local/opt/zlib/include -I/usr/local/opt/openssl@1.1/include -fdeclspec -O3 -fno-fast-math -ggdb3 -Wall -Wextra -Wdeprecated-declarations -Wdivision-by-zero -Wimplicit-function-declaration -Wimplicit-int -Wmisleading-indentation -Wpointer-arith -Wshorten-64-to-32 -Wwrite-strings -Wold-style-definition -Wmissing-noreturn -Wno-constant-logical-operand -Wno-long-long -Wno-missing-field-initializers -Wno-overlength-strings -Wno-parentheses-equality -Wno-self-assign -Wno-tautological-compare -Wno-unused-parameter -Wno-unused-value -Wunused-variable -Wextra-tokens -Wundef -fno-common -pipe -Wall -Wcast-align -Wformat=2 -Winit-self -Wlarger-than-65500 -Wmissing-declarations -Wmissing-format-attribute -Wmissing-include-dirs -Wmissing-noreturn -Wmissing-prototypes -Wnested-externs -Wold-style-definition -Wpacked -Wp,-D_FORTIFY_SOURCE=2  -Wpointer-arith -Werror -c conftest.c"
checked program was:
/* begin */
1: #include "ruby.h"
/* end */

--------------------

try_compiler_option: checking for -Wundef option to compiler... -------------------- yes

DYLD_FALLBACK_LIBRARY_PATH=.:/Users/takigawaatsushi/.rvm/rubies/ruby-3.1.2/lib "gcc -I/Users/takigawaatsushi/.rvm/rubies/ruby-3.1.2/include/ruby-3.1.0/x86_64-darwin20 -I/Users/takigawaatsushi/.rvm/rubies/ruby-3.1.2/include/ruby-3.1.0/ruby/backward -I/Users/takigawaatsushi/.rvm/rubies/ruby-3.1.2/include/ruby-3.1.0 -I. -D_XOPEN_SOURCE -D_DARWIN_C_SOURCE -D_DARWIN_UNLIMITED_SELECT -D_REENTRANT   -O3 -I/usr/local/opt/libyaml/include -I/usr/local/opt/libksba/include -I/usr/local/opt/readline/include -I/usr/local/opt/zlib/include -I/usr/local/opt/openssl@1.1/include -fdeclspec -O3 -fno-fast-math -ggdb3 -Wall -Wextra -Wdeprecated-declarations -Wdivision-by-zero -Wimplicit-function-declaration -Wimplicit-int -Wmisleading-indentation -Wpointer-arith -Wshorten-64-to-32 -Wwrite-strings -Wold-style-definition -Wmissing-noreturn -Wno-constant-logical-operand -Wno-long-long -Wno-missing-field-initializers -Wno-overlength-strings -Wno-parentheses-equality -Wno-self-assign -Wno-tautological-compare -Wno-unused-parameter -Wno-unused-value -Wunused-variable -Wextra-tokens -Wundef -fno-common -pipe -Wall -Wcast-align -Wformat=2 -Winit-self -Wlarger-than-65500 -Wmissing-declarations -Wmissing-format-attribute -Wmissing-include-dirs -Wmissing-noreturn -Wmissing-prototypes -Wnested-externs -Wold-style-definition -Wpacked -Wp,-D_FORTIFY_SOURCE=2 -Wpointer-arith  -Wundef -Werror -c conftest.c"
checked program was:
/* begin */
1: #include "ruby.h"
/* end */

--------------------

try_compiler_option: checking for -Wout-of-line-declaration option to compiler... -------------------- yes

DYLD_FALLBACK_LIBRARY_PATH=.:/Users/takigawaatsushi/.rvm/rubies/ruby-3.1.2/lib "gcc -I/Users/takigawaatsushi/.rvm/rubies/ruby-3.1.2/include/ruby-3.1.0/x86_64-darwin20 -I/Users/takigawaatsushi/.rvm/rubies/ruby-3.1.2/include/ruby-3.1.0/ruby/backward -I/Users/takigawaatsushi/.rvm/rubies/ruby-3.1.2/include/ruby-3.1.0 -I. -D_XOPEN_SOURCE -D_DARWIN_C_SOURCE -D_DARWIN_UNLIMITED_SELECT -D_REENTRANT   -O3 -I/usr/local/opt/libyaml/include -I/usr/local/opt/libksba/include -I/usr/local/opt/readline/include -I/usr/local/opt/zlib/include -I/usr/local/opt/openssl@1.1/include -fdeclspec -O3 -fno-fast-math -ggdb3 -Wall -Wextra -Wdeprecated-declarations -Wdivision-by-zero -Wimplicit-function-declaration -Wimplicit-int -Wmisleading-indentation -Wpointer-arith -Wshorten-64-to-32 -Wwrite-strings -Wold-style-definition -Wmissing-noreturn -Wno-constant-logical-operand -Wno-long-long -Wno-missing-field-initializers -Wno-overlength-strings -Wno-parentheses-equality -Wno-self-assign -Wno-tautological-compare -Wno-unused-parameter -Wno-unused-value -Wunused-variable -Wextra-tokens -Wundef -fno-common -pipe -Wall -Wcast-align -Wformat=2 -Winit-self -Wlarger-than-65500 -Wmissing-declarations -Wmissing-format-attribute -Wmissing-include-dirs -Wmissing-noreturn -Wmissing-prototypes -Wnested-externs -Wold-style-definition -Wpacked -Wp,-D_FORTIFY_SOURCE=2 -Wpointer-arith -Wundef  -Wout-of-line-declaration -Werror -c conftest.c"
checked program was:
/* begin */
1: #include "ruby.h"
/* end */

--------------------

try_compiler_option: checking for -Wunsafe-loop-optimizations option to compiler... -------------------- no

DYLD_FALLBACK_LIBRARY_PATH=.:/Users/takigawaatsushi/.rvm/rubies/ruby-3.1.2/lib "gcc -I/Users/takigawaatsushi/.rvm/rubies/ruby-3.1.2/include/ruby-3.1.0/x86_64-darwin20 -I/Users/takigawaatsushi/.rvm/rubies/ruby-3.1.2/include/ruby-3.1.0/ruby/backward -I/Users/takigawaatsushi/.rvm/rubies/ruby-3.1.2/include/ruby-3.1.0 -I. -D_XOPEN_SOURCE -D_DARWIN_C_SOURCE -D_DARWIN_UNLIMITED_SELECT -D_REENTRANT   -O3 -I/usr/local/opt/libyaml/include -I/usr/local/opt/libksba/include -I/usr/local/opt/readline/include -I/usr/local/opt/zlib/include -I/usr/local/opt/openssl@1.1/include -fdeclspec -O3 -fno-fast-math -ggdb3 -Wall -Wextra -Wdeprecated-declarations -Wdivision-by-zero -Wimplicit-function-declaration -Wimplicit-int -Wmisleading-indentation -Wpointer-arith -Wshorten-64-to-32 -Wwrite-strings -Wold-style-definition -Wmissing-noreturn -Wno-constant-logical-operand -Wno-long-long -Wno-missing-field-initializers -Wno-overlength-strings -Wno-parentheses-equality -Wno-self-assign -Wno-tautological-compare -Wno-unused-parameter -Wno-unused-value -Wunused-variable -Wextra-tokens -Wundef -fno-common -pipe -Wall -Wcast-align -Wformat=2 -Winit-self -Wlarger-than-65500 -Wmissing-declarations -Wmissing-format-attribute -Wmissing-include-dirs -Wmissing-noreturn -Wmissing-prototypes -Wnested-externs -Wold-style-definition -Wpacked -Wp,-D_FORTIFY_SOURCE=2 -Wpointer-arith -Wundef -Wout-of-line-declaration  -Wunsafe-loop-optimizations -Werror -c conftest.c"
error: unknown warning option '-Wunsafe-loop-optimizations' [-Werror,-Wunknown-warning-option]
checked program was:
/* begin */
1: #include "ruby.h"
/* end */

--------------------

try_compiler_option: checking for -Wwrite-strings option to compiler... -------------------- yes

DYLD_FALLBACK_LIBRARY_PATH=.:/Users/takigawaatsushi/.rvm/rubies/ruby-3.1.2/lib "gcc -I/Users/takigawaatsushi/.rvm/rubies/ruby-3.1.2/include/ruby-3.1.0/x86_64-darwin20 -I/Users/takigawaatsushi/.rvm/rubies/ruby-3.1.2/include/ruby-3.1.0/ruby/backward -I/Users/takigawaatsushi/.rvm/rubies/ruby-3.1.2/include/ruby-3.1.0 -I. -D_XOPEN_SOURCE -D_DARWIN_C_SOURCE -D_DARWIN_UNLIMITED_SELECT -D_REENTRANT   -O3 -I/usr/local/opt/libyaml/include -I/usr/local/opt/libksba/include -I/usr/local/opt/readline/include -I/usr/local/opt/zlib/include -I/usr/local/opt/openssl@1.1/include -fdeclspec -O3 -fno-fast-math -ggdb3 -Wall -Wextra -Wdeprecated-declarations -Wdivision-by-zero -Wimplicit-function-declaration -Wimplicit-int -Wmisleading-indentation -Wpointer-arith -Wshorten-64-to-32 -Wwrite-strings -Wold-style-definition -Wmissing-noreturn -Wno-constant-logical-operand -Wno-long-long -Wno-missing-field-initializers -Wno-overlength-strings -Wno-parentheses-equality -Wno-self-assign -Wno-tautological-compare -Wno-unused-parameter -Wno-unused-value -Wunused-variable -Wextra-tokens -Wundef -fno-common -pipe -Wall -Wcast-align -Wformat=2 -Winit-self -Wlarger-than-65500 -Wmissing-declarations -Wmissing-format-attribute -Wmissing-include-dirs -Wmissing-noreturn -Wmissing-prototypes -Wnested-externs -Wold-style-definition -Wpacked -Wp,-D_FORTIFY_SOURCE=2 -Wpointer-arith -Wundef -Wout-of-line-declaration  -Wwrite-strings -Werror -c conftest.c"
checked program was:
/* begin */
1: #include "ruby.h"
/* end */

--------------------

setup_homebrew: checking for Homebrew... -------------------- yes

--------------------

have_package: checking for gio-2.0... -------------------- yes (2.78.0)

--------------------

have_package: checking for gobject-introspection-1.0... -------------------- yes (1.78.1)

--------------------

